
> mohamed-reda-swe@0.1.0 start
> react-scripts start

(node:3532) [DEP_WEBPACK_DEV_SERVER_ON_AFTER_SETUP_MIDDLEWARE] DeprecationWarning: 'onAfterSetupMiddleware' option is deprecated. Please use the 'setupMiddlewares' option.
(Use `node --trace-deprecation ...` to show where the warning was created)
(node:3532) [DEP_WEBPACK_DEV_SERVER_ON_BEFORE_SETUP_MIDDLEWARE] DeprecationWarning: 'onBeforeSetupMiddleware' option is deprecated. Please use the 'setupMiddlewares' option.
Starting the development server...

Compiled with warnings.

[eslint]
src/components/Experience.jsx
  Line 29:6:  React Hook useMemo has a missing dependency: 'profile'. Either include it or remove the dependency array  react-hooks/exhaustive-deps

src/components/Projects.jsx
  Line 256:14:  'i18n' is assigned a value but never used  no-unused-vars

src/data/skills.js
  Line 5:3:   'faHtml5' is defined but never used  no-unused-vars
  Line 11:3:  'faSlack' is defined but never used  no-unused-vars

Search for the keywords to learn more about each warning.
To ignore, add // eslint-disable-next-line to the line before.

WARNING in [eslint]
src/components/Experience.jsx
  Line 29:6:  React Hook useMemo has a missing dependency: 'profile'. Either include it or remove the dependency array  react-hooks/exhaustive-deps

src/components/Projects.jsx
  Line 256:14:  'i18n' is assigned a value but never used  no-unused-vars

src/data/skills.js
  Line 5:3:   'faHtml5' is defined but never used  no-unused-vars
  Line 11:3:  'faSlack' is defined but never used  no-unused-vars

webpack compiled with 1 warning
Compiling...
Compiled with warnings.

[eslint]
src/components/Experience.jsx
  Line 29:6:  React Hook useMemo has a missing dependency: 'profile'. Either include it or remove the dependency array  react-hooks/exhaustive-deps

src/components/Projects.jsx
  Line 256:14:  'i18n' is assigned a value but never used  no-unused-vars

src/data/skills.js
  Line 5:3:   'faHtml5' is defined but never used  no-unused-vars
  Line 11:3:  'faSlack' is defined but never used  no-unused-vars

Search for the keywords to learn more about each warning.
To ignore, add // eslint-disable-next-line to the line before.

WARNING in [eslint]
src/components/Experience.jsx
  Line 29:6:  React Hook useMemo has a missing dependency: 'profile'. Either include it or remove the dependency array  react-hooks/exhaustive-deps

src/components/Projects.jsx
  Line 256:14:  'i18n' is assigned a value but never used  no-unused-vars

src/data/skills.js
  Line 5:3:   'faHtml5' is defined but never used  no-unused-vars
  Line 11:3:  'faSlack' is defined but never used  no-unused-vars

webpack compiled with 1 warning
Compiling...
Compiled with warnings.

[eslint]
src/components/Experience.jsx
  Line 29:6:  React Hook useMemo has a missing dependency: 'profile'. Either include it or remove the dependency array  react-hooks/exhaustive-deps

src/components/Projects.jsx
  Line 256:14:  'i18n' is assigned a value but never used  no-unused-vars

src/data/skills.js
  Line 5:3:   'faHtml5' is defined but never used  no-unused-vars
  Line 11:3:  'faSlack' is defined but never used  no-unused-vars

Search for the keywords to learn more about each warning.
To ignore, add // eslint-disable-next-line to the line before.

WARNING in [eslint]
src/components/Experience.jsx
  Line 29:6:  React Hook useMemo has a missing dependency: 'profile'. Either include it or remove the dependency array  react-hooks/exhaustive-deps

src/components/Projects.jsx
  Line 256:14:  'i18n' is assigned a value but never used  no-unused-vars

src/data/skills.js
  Line 5:3:   'faHtml5' is defined but never used  no-unused-vars
  Line 11:3:  'faSlack' is defined but never used  no-unused-vars

webpack compiled with 1 warning
Compiling...
Compiled with warnings.

[eslint]
src/components/Projects.jsx
  Line 256:14:  'i18n' is assigned a value but never used  no-unused-vars

src/data/skills.js
  Line 5:3:   'faHtml5' is defined but never used  no-unused-vars
  Line 11:3:  'faSlack' is defined but never used  no-unused-vars

Search for the keywords to learn more about each warning.
To ignore, add // eslint-disable-next-line to the line before.

WARNING in [eslint]
src/components/Projects.jsx
  Line 256:14:  'i18n' is assigned a value but never used  no-unused-vars

src/data/skills.js
  Line 5:3:   'faHtml5' is defined but never used  no-unused-vars
  Line 11:3:  'faSlack' is defined but never used  no-unused-vars

webpack compiled with 1 warning
